2023-03-28T11:18:14+00:00 DEBUG tt4b_product_sync: missing access token for tt4b_product_sync
2023-03-28T11:18:46+00:00 DEBUG tt4b_product_sync: missing access token for tt4b_product_sync
2023-03-28T11:20:41+00:00 DEBUG tt4b_product_sync: missing access token for tt4b_product_sync
2023-03-28T11:21:57+00:00 DEBUG tt4b_product_sync: missing access token for tt4b_product_sync
2023-03-28T11:22:09+00:00 DEBUG Tt4b_Pixel_Class::inject_view_content_event: hit injectViewContentEvent
2023-03-28T11:22:09+00:00 DEBUG Tt4b_Pixel_Class::inject_view_content_event: Missing option "access_token"
2023-03-28T11:22:28+00:00 DEBUG tt4b_product_sync: missing access token for tt4b_product_sync
2023-03-28T11:22:28+00:00 DEBUG tt4b_product_delete: missing access token for tt4b_product_sync
2023-03-28T11:23:09+00:00 DEBUG tt4b_product_sync: missing access token for tt4b_product_sync
2023-03-28T11:23:20+00:00 DEBUG tt4b_product_sync: missing access token for tt4b_product_sync
2023-03-28T11:25:02+00:00 DEBUG tt4b_product_sync: missing access token for tt4b_product_sync
2023-03-28T11:27:02+00:00 DEBUG tt4b_product_sync: missing access token for tt4b_product_sync
2023-03-28T11:28:01+00:00 DEBUG tt4b_product_sync: missing access token for tt4b_product_sync
2023-03-28T11:28:09+00:00 DEBUG Tt4b_Pixel_Class::inject_view_content_event: hit injectViewContentEvent
2023-03-28T11:28:09+00:00 DEBUG Tt4b_Pixel_Class::inject_view_content_event: Missing option "access_token"
2023-03-28T11:28:19+00:00 DEBUG Tt4b_Pixel_Class::inject_add_to_cart_event: hit injectAddToCartEvent
2023-03-28T11:28:19+00:00 DEBUG Tt4b_Pixel_Class::inject_add_to_cart_event: Missing option "access_token"
2023-03-28T11:28:19+00:00 DEBUG Tt4b_Pixel_Class::inject_view_content_event: hit injectViewContentEvent
2023-03-28T11:28:19+00:00 DEBUG Tt4b_Pixel_Class::inject_view_content_event: Missing option "access_token"
2023-03-28T11:28:51+00:00 DEBUG Tt4b_Pixel_Class::inject_view_content_event: hit injectViewContentEvent
2023-03-28T11:28:51+00:00 DEBUG Tt4b_Pixel_Class::inject_view_content_event: Missing option "access_token"
2023-03-28T11:30:15+00:00 DEBUG tt4b_product_sync: missing access token for tt4b_product_sync
2023-03-28T11:30:15+00:00 DEBUG tt4b_product_delete: missing access token for tt4b_product_sync
2023-03-28T11:30:26+00:00 DEBUG tt4b_product_sync: missing access token for tt4b_product_sync
2023-03-28T11:30:27+00:00 DEBUG tt4b_product_sync: missing access token for tt4b_product_sync
2023-03-28T11:30:38+00:00 DEBUG tt4b_product_sync: missing access token for tt4b_product_sync
2023-03-28T11:32:01+00:00 DEBUG tt4b_product_sync: missing access token for tt4b_product_sync
2023-03-28T11:32:12+00:00 DEBUG Tt4b_Pixel_Class::inject_view_content_event: hit injectViewContentEvent
2023-03-28T11:32:12+00:00 DEBUG Tt4b_Pixel_Class::inject_view_content_event: Missing option "access_token"
2023-03-28T11:32:40+00:00 DEBUG tt4b_product_sync: missing access token for tt4b_product_sync
2023-03-28T11:32:40+00:00 DEBUG tt4b_product_delete: missing access token for tt4b_product_sync
2023-03-28T11:33:01+00:00 DEBUG tt4b_product_sync: missing access token for tt4b_product_sync
2023-03-28T11:33:17+00:00 DEBUG tt4b_product_sync: missing access token for tt4b_product_sync
2023-03-28T11:37:16+00:00 DEBUG tt4b_product_sync: missing access token for tt4b_product_sync
2023-03-28T11:39:23+00:00 DEBUG tt4b_product_sync: missing access token for tt4b_product_sync
2023-03-28T11:43:24+00:00 DEBUG tt4b_product_sync: missing access token for tt4b_product_sync
2023-03-28T11:44:04+00:00 DEBUG tt4b_product_sync: missing access token for tt4b_product_sync
2023-03-28T11:44:42+00:00 DEBUG Tt4b_Pixel_Class::inject_view_content_event: hit injectViewContentEvent
2023-03-28T11:44:42+00:00 DEBUG Tt4b_Pixel_Class::inject_view_content_event: Missing option "access_token"
2023-03-28T11:44:57+00:00 DEBUG Tt4b_Pixel_Class::inject_add_to_cart_event: hit injectAddToCartEvent
2023-03-28T11:44:57+00:00 DEBUG Tt4b_Pixel_Class::inject_add_to_cart_event: Missing option "access_token"
2023-03-28T11:44:58+00:00 DEBUG Tt4b_Pixel_Class::inject_view_content_event: hit injectViewContentEvent
2023-03-28T11:44:58+00:00 DEBUG Tt4b_Pixel_Class::inject_view_content_event: Missing option "access_token"
2023-03-28T11:45:12+00:00 DEBUG Tt4b_Pixel_Class::inject_view_content_event: hit injectViewContentEvent
2023-03-28T11:45:12+00:00 DEBUG Tt4b_Pixel_Class::inject_view_content_event: Missing option "access_token"
2023-03-28T11:45:27+00:00 DEBUG Tt4b_Pixel_Class::inject_start_checkout: hit injectStartCheckout
2023-03-28T11:45:27+00:00 DEBUG Tt4b_Pixel_Class::inject_start_checkout: Missing option "access_token"
2023-03-28T11:48:20+00:00 DEBUG Tt4b_Pixel_Class::inject_view_content_event: hit injectViewContentEvent
2023-03-28T11:48:20+00:00 DEBUG Tt4b_Pixel_Class::inject_view_content_event: Missing option "access_token"
2023-03-28T11:49:05+00:00 DEBUG tt4b_product_sync: missing access token for tt4b_product_sync
2023-03-28T11:49:05+00:00 DEBUG tt4b_product_delete: missing access token for tt4b_product_sync
2023-03-28T11:54:15+00:00 DEBUG tt4b_product_sync: missing access token for tt4b_product_sync
2023-03-28T11:55:46+00:00 DEBUG tt4b_product_sync: missing access token for tt4b_product_sync
2023-03-28T11:57:42+00:00 DEBUG tt4b_product_sync: missing access token for tt4b_product_sync
2023-03-28T11:57:55+00:00 DEBUG Tt4b_Pixel_Class::inject_view_content_event: hit injectViewContentEvent
2023-03-28T11:57:55+00:00 DEBUG Tt4b_Pixel_Class::inject_view_content_event: Missing option "access_token"
2023-03-28T11:58:26+00:00 DEBUG Tt4b_Pixel_Class::inject_add_to_cart_event: hit injectAddToCartEvent
2023-03-28T11:58:26+00:00 DEBUG Tt4b_Pixel_Class::inject_add_to_cart_event: Missing option "access_token"
2023-03-28T11:58:31+00:00 DEBUG Tt4b_Pixel_Class::inject_start_checkout: hit injectStartCheckout
2023-03-28T11:58:31+00:00 DEBUG Tt4b_Pixel_Class::inject_start_checkout: Missing option "access_token"
2023-03-28T11:59:56+00:00 DEBUG tt4b_product_sync: missing access token for tt4b_product_sync
2023-03-28T11:59:56+00:00 DEBUG tt4b_product_delete: missing access token for tt4b_product_sync
2023-03-28T12:02:59+00:00 DEBUG tt4b_product_sync: missing access token for tt4b_product_sync
2023-03-28T12:03:14+00:00 DEBUG tt4b_product_sync: missing access token for tt4b_product_sync
2023-03-28T12:05:17+00:00 DEBUG tt4b_product_sync: missing access token for tt4b_product_sync
2023-03-28T12:07:16+00:00 DEBUG tt4b_product_sync: missing access token for tt4b_product_sync
2023-03-28T12:07:41+00:00 DEBUG tt4b_product_sync: missing access token for tt4b_product_sync
2023-03-28T12:08:01+00:00 DEBUG Tt4b_Pixel_Class::inject_view_content_event: hit injectViewContentEvent
2023-03-28T12:08:01+00:00 DEBUG Tt4b_Pixel_Class::inject_view_content_event: Missing option "access_token"
2023-03-28T12:09:05+00:00 DEBUG tt4b_product_sync: missing access token for tt4b_product_sync
2023-03-28T12:09:11+00:00 DEBUG Tt4b_Pixel_Class::inject_view_content_event: hit injectViewContentEvent
2023-03-28T12:09:11+00:00 DEBUG Tt4b_Pixel_Class::inject_view_content_event: Missing option "access_token"
2023-03-28T12:09:28+00:00 DEBUG Tt4b_Pixel_Class::inject_view_content_event: hit injectViewContentEvent
2023-03-28T12:09:28+00:00 DEBUG Tt4b_Pixel_Class::inject_view_content_event: Missing option "access_token"
2023-03-28T12:09:36+00:00 DEBUG tt4b_product_sync: missing access token for tt4b_product_sync
2023-03-28T12:09:43+00:00 DEBUG Tt4b_Pixel_Class::inject_view_content_event: hit injectViewContentEvent
2023-03-28T12:09:43+00:00 DEBUG Tt4b_Pixel_Class::inject_view_content_event: Missing option "access_token"
2023-03-28T12:10:49+00:00 DEBUG Tt4b_Pixel_Class::inject_view_content_event: hit injectViewContentEvent
2023-03-28T12:10:49+00:00 DEBUG Tt4b_Pixel_Class::inject_view_content_event: Missing option "access_token"
2023-03-28T12:23:51+00:00 DEBUG Tt4b_Pixel_Class::inject_add_to_cart_event: hit injectAddToCartEvent
2023-03-28T12:23:51+00:00 DEBUG Tt4b_Pixel_Class::inject_add_to_cart_event: Missing option "access_token"
2023-03-28T15:15:35+00:00 DEBUG Tt4b_Pixel_Class::inject_view_content_event: hit injectViewContentEvent
2023-03-28T15:15:35+00:00 DEBUG Tt4b_Pixel_Class::inject_view_content_event: Missing option "access_token"
2023-03-28T16:04:12+00:00 DEBUG Tt4b_Pixel_Class::inject_view_content_event: hit injectViewContentEvent
2023-03-28T16:04:12+00:00 DEBUG Tt4b_Pixel_Class::inject_view_content_event: Missing option "access_token"
2023-03-28T16:04:27+00:00 DEBUG Tt4b_Pixel_Class::inject_view_content_event: hit injectViewContentEvent
2023-03-28T16:04:27+00:00 DEBUG Tt4b_Pixel_Class::inject_view_content_event: Missing option "access_token"
2023-03-28T16:04:36+00:00 DEBUG Tt4b_Pixel_Class::inject_add_to_cart_event: hit injectAddToCartEvent
2023-03-28T16:04:36+00:00 DEBUG Tt4b_Pixel_Class::inject_add_to_cart_event: Missing option "access_token"
